<?xml version="1.0" encoding="UTF-8"?>
<!-- Generated by org.testng.reporters.JUnitReportReporter -->
<testsuite hostname="DESKTOP-T32R7UN" failures="0" tests="2" name="com.tutorialsninja.qa.testcases.ForgetPasswordTest" time="8.678" errors="0" timestamp="2023-10-12T09:51:54 IST" skipped="0">
  <testcase classname="com.tutorialsninja.qa.testcases.ForgetPasswordTest" name="verifyForgetPasswordWithValidEmail" time="4.389"/>
  <system-out/>
  <testcase classname="com.tutorialsninja.qa.testcases.ForgetPasswordTest" name="verifyForgetPasswordWithInvalidEmailAddress" time="4.289"/>
  <system-out/>
</testsuite> <!-- com.tutorialsninja.qa.testcases.ForgetPasswordTest -->
