<?xml version="1.0" encoding="UTF-8"?>
<!-- Generated by org.testng.reporters.JUnitReportReporter -->
<testsuite hostname="DESKTOP-T32R7UN" failures="0" tests="4" name="com.tutorialsninja.qa.testcases.RegisterTest" time="20.579" errors="0" timestamp="2023-10-12T09:51:54 IST" skipped="0">
  <testcase classname="com.tutorialsninja.qa.testcases.RegisterTest" name="verifyRegisterAccountWithMandatoryFields" time="4.911"/>
  <system-out/>
  <testcase classname="com.tutorialsninja.qa.testcases.RegisterTest" name="verifyRegisterPageByProvidingAllTheFields" time="6.734"/>
  <system-out/>
  <testcase classname="com.tutorialsninja.qa.testcases.RegisterTest" name="verifyRegstringByProvidingExistingAccountDetails" time="4.723"/>
  <system-out/>
  <testcase classname="com.tutorialsninja.qa.testcases.RegisterTest" name="verifyRegisterAccountWithoutFillingAnyDetails" time="4.211"/>
  <system-out/>
</testsuite> <!-- com.tutorialsninja.qa.testcases.RegisterTest -->
