<?xml version="1.0" encoding="UTF-8"?>
<!-- Generated by org.testng.reporters.JUnitReportReporter -->
<testsuite hostname="DESKTOP-T32R7UN" failures="0" tests="2" name="com.tutorialsninja.qa.testcases.ForgetPasswordTest" time="13.558" errors="0" timestamp="2023-10-13T04:15:00 IST" skipped="0">
  <testcase classname="com.tutorialsninja.qa.testcases.ForgetPasswordTest" name="verifyForgetPasswordWithValidEmail" time="8.109"/>
  <system-out/>
  <testcase classname="com.tutorialsninja.qa.testcases.ForgetPasswordTest" name="verifyForgetPasswordWithInvalidEmailAddress" time="5.449"/>
  <system-out/>
</testsuite> <!-- com.tutorialsninja.qa.testcases.ForgetPasswordTest -->
